0 info it worked if it ends with ok
1 verbose cli [ '/usr/local/bin/node',
1 verbose cli   '/usr/local/bin/npm',
1 verbose cli   'install',
1 verbose cli   'leaflet-path-drag' ]
2 info using npm@3.10.9
3 info using node@v6.2.1
4 silly loadCurrentTree Starting
5 silly install loadCurrentTree
6 silly install readLocalPackageData
7 silly fetchPackageMetaData leaflet-path-drag
8 silly fetchNamedPackageData leaflet-path-drag
9 silly mapToRegistry name leaflet-path-drag
10 silly mapToRegistry using default registry
11 silly mapToRegistry registry https://registry.npmjs.org/
12 silly mapToRegistry data Result {
12 silly mapToRegistry   raw: 'leaflet-path-drag',
12 silly mapToRegistry   scope: null,
12 silly mapToRegistry   escapedName: 'leaflet-path-drag',
12 silly mapToRegistry   name: 'leaflet-path-drag',
12 silly mapToRegistry   rawSpec: '',
12 silly mapToRegistry   spec: 'latest',
12 silly mapToRegistry   type: 'tag' }
13 silly mapToRegistry uri https://registry.npmjs.org/leaflet-path-drag
14 verbose request uri https://registry.npmjs.org/leaflet-path-drag
15 verbose request no auth needed
16 info attempt registry request try #1 at 3:56:18 PM
17 verbose request id 23b8444d74e564fb
18 http request GET https://registry.npmjs.org/leaflet-path-drag
19 http 200 https://registry.npmjs.org/leaflet-path-drag
20 verbose headers { server: 'CouchDB/1.5.0 (Erlang OTP/R16B03)',
20 verbose headers   'content-type': 'application/json',
20 verbose headers   etag: '"57eb96da-d166"',
20 verbose headers   'content-encoding': 'gzip',
20 verbose headers   'cache-control': 'max-age=300',
20 verbose headers   'content-length': '7290',
20 verbose headers   'accept-ranges': 'bytes',
20 verbose headers   date: 'Sat, 12 Nov 2016 23:56:18 GMT',
20 verbose headers   via: '1.1 varnish',
20 verbose headers   age: '0',
20 verbose headers   connection: 'keep-alive',
20 verbose headers   'x-served-by': 'cache-sjc3643-SJC',
20 verbose headers   'x-cache': 'MISS',
20 verbose headers   'x-cache-hits': '0',
20 verbose headers   'x-timer': 'S1478994978.035420,VS0,VE141',
20 verbose headers   vary: 'Accept-Encoding' }
21 silly get cb [ 200,
21 silly get   { server: 'CouchDB/1.5.0 (Erlang OTP/R16B03)',
21 silly get     'content-type': 'application/json',
21 silly get     etag: '"57eb96da-d166"',
21 silly get     'content-encoding': 'gzip',
21 silly get     'cache-control': 'max-age=300',
21 silly get     'content-length': '7290',
21 silly get     'accept-ranges': 'bytes',
21 silly get     date: 'Sat, 12 Nov 2016 23:56:18 GMT',
21 silly get     via: '1.1 varnish',
21 silly get     age: '0',
21 silly get     connection: 'keep-alive',
21 silly get     'x-served-by': 'cache-sjc3643-SJC',
21 silly get     'x-cache': 'MISS',
21 silly get     'x-cache-hits': '0',
21 silly get     'x-timer': 'S1478994978.035420,VS0,VE141',
21 silly get     vary: 'Accept-Encoding' } ]
22 verbose get saving leaflet-path-drag to /Users/eranchazan/.npm/registry.npmjs.org/leaflet-path-drag/.cache.json
23 verbose correctMkdir /Users/eranchazan/.npm correctMkdir not in flight; initializing
24 silly install normalizeTree
25 silly loadCurrentTree Finishing
26 silly loadIdealTree Starting
27 silly install loadIdealTree
28 silly cloneCurrentTree Starting
29 silly install cloneCurrentTreeToIdealTree
30 silly cloneCurrentTree Finishing
31 silly loadShrinkwrap Starting
32 silly install loadShrinkwrap
33 silly loadShrinkwrap Finishing
34 silly loadAllDepsIntoIdealTree Starting
35 silly install loadAllDepsIntoIdealTree
36 silly resolveWithNewModule leaflet-path-drag@1.0.1 checking installable status
37 silly cache add args [ 'leaflet-path-drag', null ]
38 verbose cache add spec leaflet-path-drag
39 silly cache add parsed spec Result {
39 silly cache add   raw: 'leaflet-path-drag',
39 silly cache add   scope: null,
39 silly cache add   escapedName: 'leaflet-path-drag',
39 silly cache add   name: 'leaflet-path-drag',
39 silly cache add   rawSpec: '',
39 silly cache add   spec: 'latest',
39 silly cache add   type: 'tag' }
40 silly addNamed leaflet-path-drag@latest
41 verbose addNamed "latest" is being treated as a dist-tag for leaflet-path-drag
42 info addNameTag [ 'leaflet-path-drag', 'latest' ]
43 silly mapToRegistry name leaflet-path-drag
44 silly mapToRegistry using default registry
45 silly mapToRegistry registry https://registry.npmjs.org/
46 silly mapToRegistry data Result {
46 silly mapToRegistry   raw: 'leaflet-path-drag',
46 silly mapToRegistry   scope: null,
46 silly mapToRegistry   escapedName: 'leaflet-path-drag',
46 silly mapToRegistry   name: 'leaflet-path-drag',
46 silly mapToRegistry   rawSpec: '',
46 silly mapToRegistry   spec: 'latest',
46 silly mapToRegistry   type: 'tag' }
47 silly mapToRegistry uri https://registry.npmjs.org/leaflet-path-drag
48 verbose addNameTag registry:https://registry.npmjs.org/leaflet-path-drag not in flight; fetching
49 verbose get https://registry.npmjs.org/leaflet-path-drag not expired, no request
50 silly addNameTag next cb for leaflet-path-drag with tag latest
51 silly addNamed leaflet-path-drag@1.0.1
52 verbose addNamed "1.0.1" is a plain semver version for leaflet-path-drag
53 silly mapToRegistry name leaflet-path-drag
54 silly mapToRegistry using default registry
55 silly mapToRegistry registry https://registry.npmjs.org/
56 silly mapToRegistry data Result {
56 silly mapToRegistry   raw: 'leaflet-path-drag',
56 silly mapToRegistry   scope: null,
56 silly mapToRegistry   escapedName: 'leaflet-path-drag',
56 silly mapToRegistry   name: 'leaflet-path-drag',
56 silly mapToRegistry   rawSpec: '',
56 silly mapToRegistry   spec: 'latest',
56 silly mapToRegistry   type: 'tag' }
57 silly mapToRegistry uri https://registry.npmjs.org/leaflet-path-drag
58 verbose addRemoteTarball https://registry.npmjs.org/leaflet-path-drag/-/leaflet-path-drag-1.0.1.tgz not in flight; adding
59 verbose addRemoteTarball [ 'https://registry.npmjs.org/leaflet-path-drag/-/leaflet-path-drag-1.0.1.tgz',
59 verbose addRemoteTarball   'ba833e8352442fab9325824269144ee5d58c93d9' ]
60 info retry fetch attempt 1 at 3:56:19 PM
61 info attempt registry request try #1 at 3:56:19 PM
62 http fetch GET https://registry.npmjs.org/leaflet-path-drag/-/leaflet-path-drag-1.0.1.tgz
63 http fetch 200 https://registry.npmjs.org/leaflet-path-drag/-/leaflet-path-drag-1.0.1.tgz
64 silly fetchAndShaCheck shasum ba833e8352442fab9325824269144ee5d58c93d9
65 verbose addTmpTarball /var/folders/g3/92dtft8139j14vn536_3q3k80000gn/T/npm-4717-246ea5da/registry.npmjs.org/leaflet-path-drag/-/leaflet-path-drag-1.0.1.tgz not in flight; adding
66 verbose addTmpTarball already have metadata; skipping unpack for leaflet-path-drag@1.0.1
67 verbose correctMkdir /Users/eranchazan/.npm correctMkdir not in flight; initializing
68 silly cache afterAdd leaflet-path-drag@1.0.1
69 verbose afterAdd /Users/eranchazan/.npm/leaflet-path-drag/1.0.1/package/package.json not in flight; writing
70 verbose correctMkdir /Users/eranchazan/.npm correctMkdir not in flight; initializing
71 verbose afterAdd /Users/eranchazan/.npm/leaflet-path-drag/1.0.1/package/package.json written
72 silly fetchNamedPackageData prosthetic-hand
73 silly mapToRegistry name prosthetic-hand
74 silly mapToRegistry using default registry
75 silly mapToRegistry registry https://registry.npmjs.org/
76 silly mapToRegistry data Result {
76 silly mapToRegistry   raw: 'prosthetic-hand',
76 silly mapToRegistry   scope: null,
76 silly mapToRegistry   escapedName: 'prosthetic-hand',
76 silly mapToRegistry   name: 'prosthetic-hand',
76 silly mapToRegistry   rawSpec: '',
76 silly mapToRegistry   spec: 'latest',
76 silly mapToRegistry   type: 'tag' }
77 silly mapToRegistry uri https://registry.npmjs.org/prosthetic-hand
78 verbose request uri https://registry.npmjs.org/prosthetic-hand
79 verbose request no auth needed
80 info attempt registry request try #1 at 3:56:20 PM
81 http request GET https://registry.npmjs.org/prosthetic-hand
82 http 200 https://registry.npmjs.org/prosthetic-hand
83 verbose headers { server: 'CouchDB/1.6.1 (Erlang OTP/R16B03)',
83 verbose headers   'content-type': 'application/json',
83 verbose headers   etag: '"5735f363-56cd"',
83 verbose headers   'content-encoding': 'gzip',
83 verbose headers   'cache-control': 'max-age=300',
83 verbose headers   'content-length': '3557',
83 verbose headers   'accept-ranges': 'bytes',
83 verbose headers   date: 'Sat, 12 Nov 2016 23:56:20 GMT',
83 verbose headers   via: '1.1 varnish',
83 verbose headers   age: '0',
83 verbose headers   connection: 'keep-alive',
83 verbose headers   'x-served-by': 'cache-sjc3643-SJC',
83 verbose headers   'x-cache': 'MISS',
83 verbose headers   'x-cache-hits': '0',
83 verbose headers   'x-timer': 'S1478994980.364910,VS0,VE142',
83 verbose headers   vary: 'Accept-Encoding' }
84 silly get cb [ 200,
84 silly get   { server: 'CouchDB/1.6.1 (Erlang OTP/R16B03)',
84 silly get     'content-type': 'application/json',
84 silly get     etag: '"5735f363-56cd"',
84 silly get     'content-encoding': 'gzip',
84 silly get     'cache-control': 'max-age=300',
84 silly get     'content-length': '3557',
84 silly get     'accept-ranges': 'bytes',
84 silly get     date: 'Sat, 12 Nov 2016 23:56:20 GMT',
84 silly get     via: '1.1 varnish',
84 silly get     age: '0',
84 silly get     connection: 'keep-alive',
84 silly get     'x-served-by': 'cache-sjc3643-SJC',
84 silly get     'x-cache': 'MISS',
84 silly get     'x-cache-hits': '0',
84 silly get     'x-timer': 'S1478994980.364910,VS0,VE142',
84 silly get     vary: 'Accept-Encoding' } ]
85 verbose get saving prosthetic-hand to /Users/eranchazan/.npm/registry.npmjs.org/prosthetic-hand/.cache.json
86 verbose correctMkdir /Users/eranchazan/.npm correctMkdir not in flight; initializing
87 silly resolveWithNewModule prosthetic-hand@1.3.1 checking installable status
88 silly cache add args [ 'prosthetic-hand@^1.3.1', null ]
89 verbose cache add spec prosthetic-hand@^1.3.1
90 silly cache add parsed spec Result {
90 silly cache add   raw: 'prosthetic-hand@^1.3.1',
90 silly cache add   scope: null,
90 silly cache add   escapedName: 'prosthetic-hand',
90 silly cache add   name: 'prosthetic-hand',
90 silly cache add   rawSpec: '^1.3.1',
90 silly cache add   spec: '>=1.3.1 <2.0.0',
90 silly cache add   type: 'range' }
91 silly addNamed prosthetic-hand@>=1.3.1 <2.0.0
92 verbose addNamed ">=1.3.1 <2.0.0" is a valid semver range for prosthetic-hand
93 silly addNameRange { name: 'prosthetic-hand',
93 silly addNameRange   range: '>=1.3.1 <2.0.0',
93 silly addNameRange   hasData: false }
94 silly mapToRegistry name prosthetic-hand
95 silly mapToRegistry using default registry
96 silly mapToRegistry registry https://registry.npmjs.org/
97 silly mapToRegistry data Result {
97 silly mapToRegistry   raw: 'prosthetic-hand',
97 silly mapToRegistry   scope: null,
97 silly mapToRegistry   escapedName: 'prosthetic-hand',
97 silly mapToRegistry   name: 'prosthetic-hand',
97 silly mapToRegistry   rawSpec: '',
97 silly mapToRegistry   spec: 'latest',
97 silly mapToRegistry   type: 'tag' }
98 silly mapToRegistry uri https://registry.npmjs.org/prosthetic-hand
99 verbose addNameRange registry:https://registry.npmjs.org/prosthetic-hand not in flight; fetching
100 verbose get https://registry.npmjs.org/prosthetic-hand not expired, no request
101 silly addNameRange number 2 { name: 'prosthetic-hand',
101 silly addNameRange   range: '>=1.3.1 <2.0.0',
101 silly addNameRange   hasData: true }
102 silly addNameRange versions [ 'prosthetic-hand',
102 silly addNameRange   [ '1.0.0',
102 silly addNameRange     '1.0.2',
102 silly addNameRange     '1.0.3',
102 silly addNameRange     '1.1.0',
102 silly addNameRange     '1.1.1',
102 silly addNameRange     '1.1.2',
102 silly addNameRange     '1.2.0',
102 silly addNameRange     '1.2.1',
102 silly addNameRange     '1.2.2',
102 silly addNameRange     '1.2.3',
102 silly addNameRange     '1.2.4',
102 silly addNameRange     '1.2.5',
102 silly addNameRange     '1.2.6',
102 silly addNameRange     '1.3.0',
102 silly addNameRange     '1.3.1' ] ]
103 silly addNamed prosthetic-hand@1.3.1
104 verbose addNamed "1.3.1" is a plain semver version for prosthetic-hand
105 silly mapToRegistry name prosthetic-hand
106 silly mapToRegistry using default registry
107 silly mapToRegistry registry https://registry.npmjs.org/
108 silly mapToRegistry data Result {
108 silly mapToRegistry   raw: 'prosthetic-hand',
108 silly mapToRegistry   scope: null,
108 silly mapToRegistry   escapedName: 'prosthetic-hand',
108 silly mapToRegistry   name: 'prosthetic-hand',
108 silly mapToRegistry   rawSpec: '',
108 silly mapToRegistry   spec: 'latest',
108 silly mapToRegistry   type: 'tag' }
109 silly mapToRegistry uri https://registry.npmjs.org/prosthetic-hand
110 verbose addRemoteTarball https://registry.npmjs.org/prosthetic-hand/-/prosthetic-hand-1.3.1.tgz not in flight; adding
111 verbose addRemoteTarball [ 'https://registry.npmjs.org/prosthetic-hand/-/prosthetic-hand-1.3.1.tgz',
111 verbose addRemoteTarball   'aa13d4a99d5a39c5d168cbe207bcce576e84a732' ]
112 info retry fetch attempt 1 at 3:56:21 PM
113 info attempt registry request try #1 at 3:56:21 PM
114 http fetch GET https://registry.npmjs.org/prosthetic-hand/-/prosthetic-hand-1.3.1.tgz
115 http fetch 200 https://registry.npmjs.org/prosthetic-hand/-/prosthetic-hand-1.3.1.tgz
116 silly fetchAndShaCheck shasum aa13d4a99d5a39c5d168cbe207bcce576e84a732
117 verbose addTmpTarball /var/folders/g3/92dtft8139j14vn536_3q3k80000gn/T/npm-4717-246ea5da/registry.npmjs.org/prosthetic-hand/-/prosthetic-hand-1.3.1.tgz not in flight; adding
118 verbose addTmpTarball already have metadata; skipping unpack for prosthetic-hand@1.3.1
119 verbose correctMkdir /Users/eranchazan/.npm correctMkdir not in flight; initializing
120 silly cache afterAdd prosthetic-hand@1.3.1
121 verbose afterAdd /Users/eranchazan/.npm/prosthetic-hand/1.3.1/package/package.json not in flight; writing
122 verbose correctMkdir /Users/eranchazan/.npm correctMkdir not in flight; initializing
123 verbose afterAdd /Users/eranchazan/.npm/prosthetic-hand/1.3.1/package/package.json written
124 silly loadAllDepsIntoIdealTree Finishing
125 silly loadIdealTree Finishing
126 silly currentTree Desktop
126 silly currentTree ├── abbrev@1.0.9
126 silly currentTree ├── ansi-regex@2.0.0
126 silly currentTree ├── ansi-styles@2.2.1
126 silly currentTree ├── ansi@0.3.1
126 silly currentTree ├── are-we-there-yet@1.1.2
126 silly currentTree ├── asn1@0.2.3
126 silly currentTree ├── assert-plus@0.2.0
126 silly currentTree ├── async@1.5.2
126 silly currentTree ├── aws-sign2@0.6.0
126 silly currentTree ├── aws4@1.4.1
126 silly currentTree ├── balanced-match@0.4.1
126 silly currentTree ├─┬ bl@1.1.2
126 silly currentTree │ └── readable-stream@2.0.6
126 silly currentTree ├── block-stream@0.0.9
126 silly currentTree ├── boom@2.10.1
126 silly currentTree ├── brace-expansion@1.1.5
126 silly currentTree ├── buffer-shims@1.0.0
126 silly currentTree ├── caseless@0.11.0
126 silly currentTree ├── chalk@1.1.3
126 silly currentTree ├── combined-stream@1.0.5
126 silly currentTree ├── commander@2.9.0
126 silly currentTree ├── concat-map@0.0.1
126 silly currentTree ├── core-util-is@1.0.2
126 silly currentTree ├── cryptiles@2.0.5
126 silly currentTree ├─┬ dashdash@1.14.0
126 silly currentTree │ └── assert-plus@1.0.0
126 silly currentTree ├── debug@2.2.0
126 silly currentTree ├── deep-extend@0.4.1
126 silly currentTree ├── delayed-stream@1.0.0
126 silly currentTree ├── delegates@1.0.0
126 silly currentTree ├── ecc-jsbn@0.1.1
126 silly currentTree ├── escape-string-regexp@1.0.5
126 silly currentTree ├── extend@3.0.0
126 silly currentTree ├── extsprintf@1.0.2
126 silly currentTree ├── forever-agent@0.6.1
126 silly currentTree ├── form-data@1.0.0-rc4
126 silly currentTree ├── fs.realpath@1.0.0
126 silly currentTree ├── fstream-ignore@1.0.5
126 silly currentTree ├── fstream@1.0.10
126 silly currentTree ├── gauge@1.2.7
126 silly currentTree ├── gdal@0.9.2
126 silly currentTree ├── generate-function@2.0.0
126 silly currentTree ├── generate-object-property@1.2.0
126 silly currentTree ├─┬ getpass@0.1.6
126 silly currentTree │ └── assert-plus@1.0.0
126 silly currentTree ├── glob@7.0.4
126 silly currentTree ├── graceful-fs@4.1.4
126 silly currentTree ├── graceful-readlink@1.0.1
126 silly currentTree ├── graceful@1.0.0
126 silly currentTree ├── har-validator@2.0.6
126 silly currentTree ├── has-ansi@2.0.0
126 silly currentTree ├── has-unicode@2.0.0
126 silly currentTree ├── hawk@3.1.3
126 silly currentTree ├── hoek@2.16.3
126 silly currentTree ├── http-signature@1.1.1
126 silly currentTree ├── humanize-ms@1.0.2
126 silly currentTree ├── inflight@1.0.5
126 silly currentTree ├── inherits@2.0.1
126 silly currentTree ├── ini@1.3.4
126 silly currentTree ├── is-my-json-valid@2.13.1
126 silly currentTree ├── is-property@1.0.2
126 silly currentTree ├── is-typedarray@1.0.0
126 silly currentTree ├── isarray@1.0.0
126 silly currentTree ├── isstream@0.1.2
126 silly currentTree ├── jodid25519@1.0.2
126 silly currentTree ├── jsbn@0.1.0
126 silly currentTree ├── json-schema@0.2.2
126 silly currentTree ├── json-stringify-safe@5.0.1
126 silly currentTree ├── jsonpointer@2.0.0
126 silly currentTree ├── jsprim@1.2.2
126 silly currentTree ├── lodash._baseslice@4.0.0
126 silly currentTree ├── lodash._basetostring@4.12.0
126 silly currentTree ├── lodash.pad@4.4.0
126 silly currentTree ├── lodash.padend@4.5.0
126 silly currentTree ├── lodash.padstart@4.5.0
126 silly currentTree ├── lodash.tostring@4.1.3
126 silly currentTree ├── mime-db@1.23.0
126 silly currentTree ├── mime-types@2.1.11
126 silly currentTree ├── minimatch@3.0.2
126 silly currentTree ├── minimist@0.0.8
126 silly currentTree ├── mkdirp@0.5.1
126 silly currentTree ├── ms@0.7.1
126 silly currentTree ├── nan@2.3.5
126 silly currentTree ├── node-pre-gyp@0.6.28
126 silly currentTree ├── node-uuid@1.4.7
126 silly currentTree ├── nopt@3.0.6
126 silly currentTree ├── npmlog@2.0.4
126 silly currentTree ├── oauth-sign@0.8.2
126 silly currentTree ├── once@1.3.3
126 silly currentTree ├── path-is-absolute@1.0.0
126 silly currentTree ├── pinkie-promise@2.0.1
126 silly currentTree ├── pinkie@2.0.4
126 silly currentTree ├── process-nextick-args@1.0.7
126 silly currentTree ├── qs@6.1.0
126 silly currentTree ├─┬ rc@1.1.6
126 silly currentTree │ └── minimist@1.2.0
126 silly currentTree ├── readable-stream@2.1.4
126 silly currentTree ├── request@2.72.0
126 silly currentTree ├── rimraf@2.5.2
126 silly currentTree ├── semver@5.1.0
126 silly currentTree ├── sntp@1.0.9
126 silly currentTree ├─┬ sshpk@1.8.3
126 silly currentTree │ └── assert-plus@1.0.0
126 silly currentTree ├── string_decoder@0.10.31
126 silly currentTree ├── stringstream@0.0.5
126 silly currentTree ├── strip-ansi@3.0.1
126 silly currentTree ├── strip-json-comments@1.0.4
126 silly currentTree ├── supports-color@2.0.0
126 silly currentTree ├─┬ tar-pack@3.1.3
126 silly currentTree │ └── readable-stream@2.0.6
126 silly currentTree ├── tar@2.2.1
126 silly currentTree ├── tough-cookie@2.2.2
126 silly currentTree ├── tunnel-agent@0.4.3
126 silly currentTree ├── tweetnacl@0.13.3
126 silly currentTree ├── uid-number@0.0.6
126 silly currentTree ├── util-deprecate@1.0.2
126 silly currentTree ├── verror@1.3.6
126 silly currentTree ├── wrappy@1.0.2
126 silly currentTree └── xtend@4.0.1
127 silly idealTree Desktop
127 silly idealTree ├── abbrev@1.0.9
127 silly idealTree ├── ansi-regex@2.0.0
127 silly idealTree ├── ansi-styles@2.2.1
127 silly idealTree ├── ansi@0.3.1
127 silly idealTree ├── are-we-there-yet@1.1.2
127 silly idealTree ├── asn1@0.2.3
127 silly idealTree ├── assert-plus@0.2.0
127 silly idealTree ├── async@1.5.2
127 silly idealTree ├── aws-sign2@0.6.0
127 silly idealTree ├── aws4@1.4.1
127 silly idealTree ├── balanced-match@0.4.1
127 silly idealTree ├─┬ bl@1.1.2
127 silly idealTree │ └── readable-stream@2.0.6
127 silly idealTree ├── block-stream@0.0.9
127 silly idealTree ├── boom@2.10.1
127 silly idealTree ├── brace-expansion@1.1.5
127 silly idealTree ├── buffer-shims@1.0.0
127 silly idealTree ├── caseless@0.11.0
127 silly idealTree ├── chalk@1.1.3
127 silly idealTree ├── combined-stream@1.0.5
127 silly idealTree ├── commander@2.9.0
127 silly idealTree ├── concat-map@0.0.1
127 silly idealTree ├── core-util-is@1.0.2
127 silly idealTree ├── cryptiles@2.0.5
127 silly idealTree ├─┬ dashdash@1.14.0
127 silly idealTree │ └── assert-plus@1.0.0
127 silly idealTree ├── debug@2.2.0
127 silly idealTree ├── deep-extend@0.4.1
127 silly idealTree ├── delayed-stream@1.0.0
127 silly idealTree ├── delegates@1.0.0
127 silly idealTree ├── ecc-jsbn@0.1.1
127 silly idealTree ├── escape-string-regexp@1.0.5
127 silly idealTree ├── extend@3.0.0
127 silly idealTree ├── extsprintf@1.0.2
127 silly idealTree ├── forever-agent@0.6.1
127 silly idealTree ├── form-data@1.0.0-rc4
127 silly idealTree ├── fs.realpath@1.0.0
127 silly idealTree ├── fstream-ignore@1.0.5
127 silly idealTree ├── fstream@1.0.10
127 silly idealTree ├── gauge@1.2.7
127 silly idealTree ├── gdal@0.9.2
127 silly idealTree ├── generate-function@2.0.0
127 silly idealTree ├── generate-object-property@1.2.0
127 silly idealTree ├─┬ getpass@0.1.6
127 silly idealTree │ └── assert-plus@1.0.0
127 silly idealTree ├── glob@7.0.4
127 silly idealTree ├── graceful-fs@4.1.4
127 silly idealTree ├── graceful-readlink@1.0.1
127 silly idealTree ├── graceful@1.0.0
127 silly idealTree ├── har-validator@2.0.6
127 silly idealTree ├── has-ansi@2.0.0
127 silly idealTree ├── has-unicode@2.0.0
127 silly idealTree ├── hawk@3.1.3
127 silly idealTree ├── hoek@2.16.3
127 silly idealTree ├── http-signature@1.1.1
127 silly idealTree ├── humanize-ms@1.0.2
127 silly idealTree ├── inflight@1.0.5
127 silly idealTree ├── inherits@2.0.1
127 silly idealTree ├── ini@1.3.4
127 silly idealTree ├── is-my-json-valid@2.13.1
127 silly idealTree ├── is-property@1.0.2
127 silly idealTree ├── is-typedarray@1.0.0
127 silly idealTree ├── isarray@1.0.0
127 silly idealTree ├── isstream@0.1.2
127 silly idealTree ├── jodid25519@1.0.2
127 silly idealTree ├── jsbn@0.1.0
127 silly idealTree ├── json-schema@0.2.2
127 silly idealTree ├── json-stringify-safe@5.0.1
127 silly idealTree ├── jsonpointer@2.0.0
127 silly idealTree ├── jsprim@1.2.2
127 silly idealTree ├── leaflet-path-drag@1.0.1
127 silly idealTree ├── lodash._baseslice@4.0.0
127 silly idealTree ├── lodash._basetostring@4.12.0
127 silly idealTree ├── lodash.pad@4.4.0
127 silly idealTree ├── lodash.padend@4.5.0
127 silly idealTree ├── lodash.padstart@4.5.0
127 silly idealTree ├── lodash.tostring@4.1.3
127 silly idealTree ├── mime-db@1.23.0
127 silly idealTree ├── mime-types@2.1.11
127 silly idealTree ├── minimatch@3.0.2
127 silly idealTree ├── minimist@0.0.8
127 silly idealTree ├── mkdirp@0.5.1
127 silly idealTree ├── ms@0.7.1
127 silly idealTree ├── nan@2.3.5
127 silly idealTree ├── node-pre-gyp@0.6.28
127 silly idealTree ├── node-uuid@1.4.7
127 silly idealTree ├── nopt@3.0.6
127 silly idealTree ├── npmlog@2.0.4
127 silly idealTree ├── oauth-sign@0.8.2
127 silly idealTree ├── once@1.3.3
127 silly idealTree ├── path-is-absolute@1.0.0
127 silly idealTree ├── pinkie-promise@2.0.1
127 silly idealTree ├── pinkie@2.0.4
127 silly idealTree ├── process-nextick-args@1.0.7
127 silly idealTree ├── prosthetic-hand@1.3.1
127 silly idealTree ├── qs@6.1.0
127 silly idealTree ├─┬ rc@1.1.6
127 silly idealTree │ └── minimist@1.2.0
127 silly idealTree ├── readable-stream@2.1.4
127 silly idealTree ├── request@2.72.0
127 silly idealTree ├── rimraf@2.5.2
127 silly idealTree ├── semver@5.1.0
127 silly idealTree ├── sntp@1.0.9
127 silly idealTree ├─┬ sshpk@1.8.3
127 silly idealTree │ └── assert-plus@1.0.0
127 silly idealTree ├── string_decoder@0.10.31
127 silly idealTree ├── stringstream@0.0.5
127 silly idealTree ├── strip-ansi@3.0.1
127 silly idealTree ├── strip-json-comments@1.0.4
127 silly idealTree ├── supports-color@2.0.0
127 silly idealTree ├─┬ tar-pack@3.1.3
127 silly idealTree │ └── readable-stream@2.0.6
127 silly idealTree ├── tar@2.2.1
127 silly idealTree ├── tough-cookie@2.2.2
127 silly idealTree ├── tunnel-agent@0.4.3
127 silly idealTree ├── tweetnacl@0.13.3
127 silly idealTree ├── uid-number@0.0.6
127 silly idealTree ├── util-deprecate@1.0.2
127 silly idealTree ├── verror@1.3.6
127 silly idealTree ├── wrappy@1.0.2
127 silly idealTree └── xtend@4.0.1
128 silly generateActionsToTake Starting
129 silly install generateActionsToTake
130 warn checkPermissions Missing write access to /Users/eranchazan/Desktop/node_modules
131 silly rollbackFailedOptional Starting
132 silly rollbackFailedOptional Finishing
133 silly runTopLevelLifecycles Finishing
134 silly install printInstalled
135 warn enoent ENOENT: no such file or directory, open '/Users/eranchazan/Desktop/package.json'
136 verbose enoent ENOENT: no such file or directory, open '/Users/eranchazan/Desktop/package.json'
136 verbose enoent This is most likely not a problem with npm itself
136 verbose enoent and is related to npm not being able to find a file.
137 warn Desktop No description
138 verbose If you need help, you may report this error at:
138 verbose     <https://github.com/npm/npm/issues>
139 warn Desktop No repository field.
140 verbose If you need help, you may report this error at:
140 verbose     <https://github.com/npm/npm/issues>
141 warn Desktop No README data
142 verbose If you need help, you may report this error at:
142 verbose     <https://github.com/npm/npm/issues>
143 warn Desktop No license field.
144 verbose If you need help, you may report this error at:
144 verbose     <https://github.com/npm/npm/issues>
145 verbose stack Error: EACCES: permission denied, access '/Users/eranchazan/Desktop/node_modules'
145 verbose stack     at Error (native)
146 verbose cwd /Users/eranchazan/Desktop/bloc/portfolio-
147 error Darwin 16.0.0
148 error argv "/usr/local/bin/node" "/usr/local/bin/npm" "install" "leaflet-path-drag"
149 error node v6.2.1
150 error npm  v3.10.9
151 error path /Users/eranchazan/Desktop/node_modules
152 error code EACCES
153 error errno -13
154 error syscall access
155 error Error: EACCES: permission denied, access '/Users/eranchazan/Desktop/node_modules'
155 error     at Error (native)
155 error  { Error: EACCES: permission denied, access '/Users/eranchazan/Desktop/node_modules'
155 error     at Error (native)
155 error   errno: -13,
155 error   code: 'EACCES',
155 error   syscall: 'access',
155 error   path: '/Users/eranchazan/Desktop/node_modules' }
156 error Please try running this command again as root/Administrator.
157 verbose exit [ -13, true ]
